#
# There is insufficient memory for the Java Runtime Environment to continue.
# Native memory allocation (mmap) failed to map 65536 bytes for Failed to commit area from 0x000001ffcdb60000 to 0x000001ffcdb70000 of length 65536.
# Possible reasons:
#   The system is out of physical RAM or swap space
#   The process is running with CompressedOops enabled, and the Java Heap may be blocking the growth of the native heap
# Possible solutions:
#   Reduce memory load on the system
#   Increase physical memory or swap space
#   Check if swap backing store is full
#   Decrease Java heap size (-Xmx/-Xms)
#   Decrease number of Java threads
#   Decrease Java thread stack sizes (-Xss)
#   Set larger code cache with -XX:ReservedCodeCacheSize=
# This output file may be truncated or incomplete.
#
#  Out of Memory Error (./src/hotspot/os/windows/os_windows.cpp:3301), pid=77832, tid=69416
#
# JRE version:  (11.0.11+9) (build )
# Java VM: OpenJDK 64-Bit Server VM (11.0.11+9-LTS, mixed mode, sharing, tiered, compressed oops, g1 gc, windows-amd64)
# No core dump will be written. Minidumps are not enabled by default on client versions of Windows
#

---------------  S U M M A R Y ------------

Command Line: -javaagent:D:\IntelliJ IDEA 2021.1.2\lib\idea_rt.jar=55519:D:\IntelliJ IDEA 2021.1.2\bin -Dfile.encoding=UTF-8 server.simulatorServer

Host: Intel(R) Core(TM) i7-8700 CPU @ 3.20GHz, 12 cores, 31G,  Windows 10 , 64 bit Build 17763 (10.0.17763.2145)
Time: Thu Nov 18 15:25:01 2021 ?D1¨²¡À¨º¡Á?¨º¡À?? elapsed time: 0.015839 seconds (0d 0h 0m 0s)

---------------  T H R E A D  ---------------

Current thread (0x000001ffaae51800):  JavaThread "Unknown thread" [_thread_in_vm, id=69416, stack(0x00000084a1700000,0x00000084a1800000)]

Stack: [0x00000084a1700000,0x00000084a1800000]
Native frames: (J=compiled Java code, j=interpreted, Vv=VM code, C=native code)
V  [jvm.dll+0x5f867a]
V  [jvm.dll+0x78124e]
V  [jvm.dll+0x78291f]
V  [jvm.dll+0x782fe3]
V  [jvm.dll+0x246e88]
V  [jvm.dll+0x5f582a]
V  [jvm.dll+0x5ea325]
V  [jvm.dll+0x2fbc5c]
V  [jvm.dll+0x2fbae2]
V  [jvm.dll+0x3008b0]
V  [jvm.dll+0x345535]
V  [jvm.dll+0x344f40]
V  [jvm.dll+0x2d8e88]
V  [jvm.dll+0x2d9fd6]
V  [jvm.dll+0x75c8a7]
V  [jvm.dll+0x75e02f]
V  [jvm.dll+0x352289]
V  [jvm.dll+0x73f990]
V  [jvm.dll+0x3b9c3f]
V  [jvm.dll+0x3bc141]
C  [jli.dll+0x5207]
C  [ucrtbase.dll+0x2268a]
C  [KERNEL32.DLL+0x17974]
C  [ntdll.dll+0x5a2f1]


---------------  P R O C E S S  ---------------

Threads class SMR info:
_java_thread_list=0x000001ffa8c18fe0, length=0, elements={
}

Java Threads: ( => current thread )

Other Threads:
  0x000001ffaae69000 GCTaskThread "GC Thread#0" [stack: 0x00000084a1800000,0x00000084a1900000] [id=82184]
  0x000001ffaaeea000 ConcurrentGCThread "G1 Main Marker" [stack: 0x00000084a1900000,0x00000084a1a00000] [id=77088]
  0x000001ffaaeec800 ConcurrentGCThread "G1 Conc#0" [stack: 0x00000084a1a00000,0x00000084a1b00000] [id=34004]

[error occurred during error reporting (printing all threads), id 0xc0000005, EXCEPTION_ACCESS_VIOLATION (0xc0000005) at pc=0x00007ffc773d8547]

VM state:not at safepoint (not fully initialized)

VM Mutex/Monitor currently owned by a thread:  ([mutex/lock_event])
[0x000001ffaae4eca0] Heap_lock - owner thread: 0x000001ffaae51800

Heap address: 0x0000000600c00000, size: 8180 MB, Compressed Oops mode: Non-zero based: 0x0000000600c00000
Narrow klass base: 0x0000000000000000, Narrow klass shift: 0

GC Heap History (0 events):
No events

Deoptimization events (0 events):
No events

Classes redefined (0 events):
No events

Internal exceptions (0 events):
No events

Events (1 events):
Event: 0.007 Loaded shared library C:\Users\Mloong\.jdks\corretto-11.0.11\bin\zip.dll


Dynamic libraries:
0x00007ff6a77e0000 - 0x00007ff6a77ed000 	C:\Users\Mloong\.jdks\corretto-11.0.11\bin\java.exe
0x00007ffcd6960000 - 0x00007ffcd6b4d000 	C:\WINDOWS\SYSTEM32\ntdll.dll
0x00007ffcd50b0000 - 0x00007ffcd5164000 	C:\WINDOWS\System32\KERNEL32.DLL
0x00007ffcd3300000 - 0x00007ffcd3595000 	C:\WINDOWS\System32\KERNELBASE.dll
0x00007ffcd3a90000 - 0x00007ffcd3b8a000 	C:\WINDOWS\System32\ucrtbase.dll
0x00007ffca8790000 - 0x00007ffca87a7000 	C:\Users\Mloong\.jdks\corretto-11.0.11\bin\jli.dll
0x00007ffca88d0000 - 0x00007ffca88e9000 	C:\Users\Mloong\.jdks\corretto-11.0.11\bin\VCRUNTIME140.dll
0x00007ffcd3bf0000 - 0x00007ffcd3d87000 	C:\WINDOWS\System32\USER32.dll
0x00007ffcd2a20000 - 0x00007ffcd2a40000 	C:\WINDOWS\System32\win32u.dll
0x00007ffcc34f0000 - 0x00007ffcc3769000 	C:\WINDOWS\WinSxS\amd64_microsoft.windows.common-controls_6595b64144ccf1df_6.0.17763.2237_none_de70457e534c3aa8\COMCTL32.dll
0x00007ffcd67d0000 - 0x00007ffcd67f9000 	C:\WINDOWS\System32\GDI32.dll
0x00007ffcd3710000 - 0x00007ffcd38ac000 	C:\WINDOWS\System32\gdi32full.dll
0x00007ffcd4d60000 - 0x00007ffcd4dfe000 	C:\WINDOWS\System32\msvcrt.dll
0x00007ffcd2a40000 - 0x00007ffcd2ae0000 	C:\WINDOWS\System32\msvcp_win.dll
0x00007ffcd48a0000 - 0x00007ffcd4bcd000 	C:\WINDOWS\System32\combase.dll
0x00007ffcd3ff0000 - 0x00007ffcd410f000 	C:\WINDOWS\System32\RPCRT4.dll
0x00007ffcd35a0000 - 0x00007ffcd3622000 	C:\WINDOWS\System32\bcryptPrimitives.dll
0x00007ffcd46e0000 - 0x00007ffcd470e000 	C:\WINDOWS\System32\IMM32.DLL
0x00007ffca1cb0000 - 0x00007ffca1d4b000 	C:\Users\Mloong\.jdks\corretto-11.0.11\bin\msvcp140.dll
0x00007ffc770f0000 - 0x00007ffc77c3c000 	C:\Users\Mloong\.jdks\corretto-11.0.11\bin\server\jvm.dll
0x00007ffcd47f0000 - 0x00007ffcd4894000 	C:\WINDOWS\System32\ADVAPI32.dll
0x00007ffcd3d90000 - 0x00007ffcd3e2e000 	C:\WINDOWS\System32\sechost.dll
0x00007ffcd5020000 - 0x00007ffcd5028000 	C:\WINDOWS\System32\PSAPI.DLL
0x00007ffcd0be0000 - 0x00007ffcd0be9000 	C:\WINDOWS\SYSTEM32\WSOCK32.dll
0x00007ffcd0b70000 - 0x00007ffcd0b94000 	C:\WINDOWS\SYSTEM32\WINMM.dll
0x00007ffccd9c0000 - 0x00007ffccd9ca000 	C:\WINDOWS\SYSTEM32\VERSION.dll
0x00007ffcd4c30000 - 0x00007ffcd4c9d000 	C:\WINDOWS\System32\WS2_32.dll
0x00007ffcd0a20000 - 0x00007ffcd0a4d000 	C:\WINDOWS\SYSTEM32\winmmbase.dll
0x00007ffcd2b00000 - 0x00007ffcd2b4a000 	C:\WINDOWS\System32\cfgmgr32.dll
0x00007ffcd2950000 - 0x00007ffcd2961000 	C:\WINDOWS\System32\kernel.appcore.dll
0x00007ffccdff0000 - 0x00007ffcce000000 	C:\Users\Mloong\.jdks\corretto-11.0.11\bin\verify.dll
0x00007ffcc0b90000 - 0x00007ffcc0d7d000 	C:\WINDOWS\SYSTEM32\DBGHELP.DLL
0x00007ffcc0470000 - 0x00007ffcc049a000 	C:\WINDOWS\SYSTEM32\dbgcore.DLL
0x00007ffca6be0000 - 0x00007ffca6c08000 	C:\Users\Mloong\.jdks\corretto-11.0.11\bin\java.dll
0x00007ffcbb9c0000 - 0x00007ffcbb9ca000 	C:\Users\Mloong\.jdks\corretto-11.0.11\bin\jimage.dll
0x00007ffcbb9f0000 - 0x00007ffcbb9fe000 	C:\Users\Mloong\.jdks\corretto-11.0.11\bin\instrument.dll
0x00007ffca6bc0000 - 0x00007ffca6bd7000 	C:\Users\Mloong\.jdks\corretto-11.0.11\bin\zip.dll

dbghelp: loaded successfully - version: 4.0.5 - missing functions: none
symbol engine: initialized successfully - sym options: 0x614 - pdb path: .;C:\Users\Mloong\.jdks\corretto-11.0.11\bin;C:\WINDOWS\SYSTEM32;C:\WINDOWS\WinSxS\amd64_microsoft.windows.common-controls_6595b64144ccf1df_6.0.17763.2237_none_de70457e534c3aa8;C:\Users\Mloong\.jdks\corretto-11.0.11\bin\server

VM Arguments:
jvm_args: -javaagent:D:\IntelliJ IDEA 2021.1.2\lib\idea_rt.jar=55519:D:\IntelliJ IDEA 2021.1.2\bin -Dfile.encoding=UTF-8 
java_command: server.simulatorServer
java_class_path (initial): C:\Users\Mloong\Desktop\demo\target\classes;C:\Users\Mloong\.m2\repository\junit\junit\4.12\junit-4.12.jar;C:\Users\Mloong\.m2\repository\org\hamcrest\hamcrest-core\1.3\hamcrest-core-1.3.jar;C:\Users\Mloong\.m2\repository\io\grpc\grpc-netty-shaded\1.37.0\grpc-netty-shaded-1.37.0.jar;C:\Users\Mloong\.m2\repository\io\grpc\grpc-core\1.37.0\grpc-core-1.37.0.jar;C:\Users\Mloong\.m2\repository\com\google\code\gson\gson\2.8.6\gson-2.8.6.jar;C:\Users\Mloong\.m2\repository\com\google\android\annotations\4.1.1.4\annotations-4.1.1.4.jar;C:\Users\Mloong\.m2\repository\io\perfmark\perfmark-api\0.23.0\perfmark-api-0.23.0.jar;C:\Users\Mloong\.m2\repository\io\grpc\grpc-protobuf\1.37.0\grpc-protobuf-1.37.0.jar;C:\Users\Mloong\.m2\repository\io\grpc\grpc-api\1.37.0\grpc-api-1.37.0.jar;C:\Users\Mloong\.m2\repository\io\grpc\grpc-context\1.37.0\grpc-context-1.37.0.jar;C:\Users\Mloong\.m2\repository\com\google\code\findbugs\jsr305\3.0.2\jsr305-3.0.2.jar;C:\Users\Mloong\.m2\repository\com\google\protobuf\protobuf-java\3.12.0\protobuf-java-3.12.0.jar;C:\Users\Mloong\.m2\repository\com\google\api\grpc\proto-google-common-protos\2.0.1\proto-google-common-protos-2.0.1.jar;C:\Users\Mloong\.m2\repository\io\grpc\grpc-protobuf-lite\1.37.0\grpc-protobuf-lite-1.37.0.jar;C:\Users\Mloong\.m2\repository\com\google\guava\guava\30.0-android\guava-30.0-android.jar;C:\Users\Mloong\.m2\repository\com\google\guava\failureaccess\1.0.1\failureaccess-1.0.1.jar;C:\Users\Mloong\.m2\repository\com\google\guava\listenablefuture\9999.0-empty-to-avoid-conflict-with-guava\listenablefuture-9999.0-empty-to-avoid-conflict-with-guava.jar;C:\Users\Mloong\.m2\repository\org\checkerframework\checker-compat-qual\2.5.5\checker-compat-qual-2.5.5.jar;C:\Users\Mloong\.m2\repository\com\google\j2objc\j2objc-annotations\1.3\j2objc-annotations-1.3.jar;C:\Users\Mloong\.m2\repository\com\google\errorprone\error_prone_annotations\2.4.0\error_prone_annotations-2.4.0.jar;C:\Users\Mloong\.m2\repository\or
Launcher Type: SUN_STANDARD

[Global flags]
     intx CICompilerCount                          = 4                                         {product} {ergonomic}
     uint ConcGCThreads                            = 3                                         {product} {ergonomic}
     uint G1ConcRefinementThreads                  = 10                                        {product} {ergonomic}
   size_t G1HeapRegionSize                         = 2097152                                   {product} {ergonomic}
    uintx GCDrainStackTargetSize                   = 64                                        {product} {ergonomic}
   size_t InitialHeapSize                          = 536870912                                 {product} {ergonomic}
   size_t MarkStackSize                            = 4194304                                   {product} {ergonomic}
   size_t MaxHeapSize                              = 8577351680                                {product} {ergonomic}
   size_t MinHeapDeltaBytes                        = 2097152                                   {product} {ergonomic}
    uintx NonNMethodCodeHeapSize                   = 5836300                                {pd product} {ergonomic}
    uintx NonProfiledCodeHeapSize                  = 122910970                              {pd product} {ergonomic}
    uintx ProfiledCodeHeapSize                     = 122910970                              {pd product} {ergonomic}
    uintx ReservedCodeCacheSize                    = 251658240                              {pd product} {ergonomic}
     bool SegmentedCodeCache                       = true                                      {product} {ergonomic}
     bool UseCompressedClassPointers               = true                                 {lp64_product} {ergonomic}
     bool UseCompressedOops                        = true                                 {lp64_product} {ergonomic}
     bool UseG1GC                                  = true                                      {product} {ergonomic}
     bool UseLargePagesIndividualAllocation        = false                                  {pd product} {ergonomic}

Logging:
Log output configuration:
 #0: stdout all=warning uptime,level,tags
 #1: stderr all=off uptime,level,tags

Environment Variables:
PATH=D:\VMware\bin\;C:\Program Files\NVIDIA GPU Computing Toolkit\CUDA\v10.1\bin;C:\Program Files\NVIDIA GPU Computing Toolkit\CUDA\v10.1\libnvvp;C:\WINDOWS\system32;C:\WINDOWS;C:\WINDOWS\System32\Wbem;C:\WINDOWS\System32\WindowsPowerShell\v1.0\;C:\WINDOWS\System32\OpenSSH\;C:\Users\Mloong\Anaconda3;C:\Users\Mloong\Anaconda3\Scripts;C:\Users\Mloong\Anaconda3\Library\bin;C:\Users\Mloong\Anaconda3\Library\mingw-w64\bin;C:\Program Files\NVIDIA Corporation\Nsight Compute 2019.1\;C:\Program Files (x86)\NVIDIA Corporation\PhysX\Common;C:\Program Files\NVIDIA Corporation\NVIDIA NvDLISR;D:\mysql-8.0.25-winx64\bin;C:\Program Files\Git\cmd;C:\Users\Mloong\AppData\Local\Microsoft\WindowsApps;
USERNAME=Mloong
OS=Windows_NT
PROCESSOR_IDENTIFIER=Intel64 Family 6 Model 158 Stepping 10, GenuineIntel



---------------  S Y S T E M  ---------------

OS: Windows 10 , 64 bit Build 17763 (10.0.17763.2145)
OS uptime: 29 days 20:15 hours

CPU:total 12 (initial active 12) (6 cores per cpu, 2 threads per core) family 6 model 158 stepping 10 microcode 0xde, cmov, cx8, fxsr, mmx, sse, sse2, sse3, ssse3, sse4.1, sse4.2, popcnt, avx, avx2, aes, clmul, erms, rtm, 3dnowpref, lzcnt, ht, tsc, tscinvbit, bmi1, bmi2, adx, fma

Memory: 4k page, system-wide physical 32717M (11582M free)
TotalPageFile size 45517M (AvailPageFile size 3M)
current process WorkingSet (physical memory assigned to process): 18M, peak: 18M
current process commit charge ("private bytes"): 587M, peak: 587M

vm_info: OpenJDK 64-Bit Server VM (11.0.11+9-LTS) for windows-amd64 JRE (11.0.11+9-LTS), built on Apr 14 2021 00:00:20 by "Administrator" with MS VC++ 15.9 (VS2017)

END.
